#
# A fatal error has been detected by the Java Runtime Environment:
#
#  EXCEPTION_ACCESS_VIOLATION (0xc0000005) at pc=0x6d9532ca, pid=8440, tid=6760
#
# JRE version: 6.0_31-b05
# Java VM: Java HotSpot(TM) Client VM (20.6-b01 mixed mode, sharing windows-x86 )
# Problematic frame:
# V  [jvm.dll+0x932ca]
#
# If you would like to submit a bug report, please visit:
#   http://java.sun.com/webapps/bugreport/crash.jsp
#

---------------  T H R E A D  ---------------

Current thread (0x020f9400):  JavaThread "main" [_thread_in_vm, id=6760, stack(0x00470000,0x004c0000)]

siginfo: ExceptionCode=0xc0000005, reading address 0x00000000

Registers:
EAX=0x00000000, EBX=0x020f9400, ECX=0x00000006, EDX=0x00000004
ESP=0x004bfb80, EBP=0x004bfb9c, ESI=0x020f9528, EDI=0x00000000
EIP=0x6d9532ca, EFLAGS=0x00010246

Top of Stack: (sp=0x004bfb80)
0x004bfb80:   00000000 020f9528 00000000 020f9400
0x004bfb90:   00000000 00000000 00001534 004bfbec
0x004bfba0:   100014cf 020f9528 00000000 00000000
0x004bfbb0:   0eb5e241 020f9400 33801ea0 33801ea0
0x004bfbc0:   020f9528 01fefb58 004bfc44 00000000
0x004bfbd0:   020f9400 00000000 00000000 004bfbb0
0x004bfbe0:   004bfdcc 1000b030 00000000 004bfc30
0x004bfbf0:   100016b4 004bfc44 00000003 02109fc7 

Instructions: (pc=0x6d9532ca)
0x6d9532aa:   ff 8b 43 04 83 c4 08 85 c0 89 5d f0 c7 45 f4 00
0x6d9532ba:   00 00 00 74 08 8d 4d f0 e8 19 e2 09 00 8b 45 0c
0x6d9532ca:   8b 38 57 e8 ae a0 f8 ff 8d 70 01 56 e8 15 d1 06
0x6d9532da:   00 83 c4 08 85 c0 89 45 08 75 19 68 0c 74 ae 6d 


Register to memory mapping:

EAX=0x00000000 is an unknown value
EBX=0x020f9400 is a thread
ECX=0x00000006 is an unknown value
EDX=0x00000004 is an unknown value
ESP=0x004bfb80 is pointing into the stack for thread: 0x020f9400
EBP=0x004bfb9c is pointing into the stack for thread: 0x020f9400
ESI=0x020f9528 is an unknown value
EDI=0x00000000 is an unknown value


Stack: [0x00470000,0x004c0000],  sp=0x004bfb80,  free space=318k
Native frames: (J=compiled Java code, j=interpreted, Vv=VM code, C=native code)
V  [jvm.dll+0x932ca]
C  [MsmqJava.dll+0x14cf]  Java_ionic_Msmq_Queue_nativeDeleteQueue+0x12f
C  [MsmqJava.dll+0x16b4]  Java_ionic_Msmq_Queue_nativeOpenQueue+0x14
j  ionic.Msmq.Queue._init(Ljava/lang/String;I)V+37
j  ionic.Msmq.Queue.<init>(Ljava/lang/String;)V+12
j  com.msmq.MsMqDemo.main([Ljava/lang/String;)V+5
v  ~StubRoutines::call_stub
V  [jvm.dll+0xfac3b]
V  [jvm.dll+0x18c3a1]
V  [jvm.dll+0xfacbd]
V  [jvm.dll+0x95776]
V  [jvm.dll+0x9d5b3]
C  [javaw.exe+0x2155]
C  [javaw.exe+0x8614]
C  [KERNEL32.DLL+0x17c04]  BaseThreadInitThunk+0x24
C  [ntdll.dll+0x5ad5f]  RtlInitializeExceptionChain+0x8f
C  [ntdll.dll+0x5ad2a]  RtlInitializeExceptionChain+0x5a

Java frames: (J=compiled Java code, j=interpreted, Vv=VM code)
j  ionic.Msmq.Queue.nativeOpenQueue(Ljava/lang/String;)I+0
j  ionic.Msmq.Queue._init(Ljava/lang/String;I)V+37
j  ionic.Msmq.Queue.<init>(Ljava/lang/String;)V+12
j  com.msmq.MsMqDemo.main([Ljava/lang/String;)V+5
v  ~StubRoutines::call_stub

---------------  P R O C E S S  ---------------

Java Threads: ( => current thread )
  0x0203fc00 JavaThread "Low Memory Detector" daemon [_thread_blocked, id=8572, stack(0x04500000,0x04550000)]
  0x0203b400 JavaThread "C1 CompilerThread0" daemon [_thread_blocked, id=4364, stack(0x04470000,0x044c0000)]
  0x0203a400 JavaThread "Attach Listener" daemon [_thread_blocked, id=9964, stack(0x043e0000,0x04430000)]
  0x02038400 JavaThread "Signal Dispatcher" daemon [_thread_blocked, id=4472, stack(0x04350000,0x043a0000)]
  0x0202cc00 JavaThread "Finalizer" daemon [_thread_blocked, id=8636, stack(0x042c0000,0x04310000)]
  0x0202b800 JavaThread "Reference Handler" daemon [_thread_blocked, id=3016, stack(0x04230000,0x04280000)]
=>0x020f9400 JavaThread "main" [_thread_in_vm, id=6760, stack(0x00470000,0x004c0000)]

Other Threads:
  0x01feec00 VMThread [stack: 0x041a0000,0x041f0000] [id=9764]
  0x0204e400 WatcherThread [stack: 0x04590000,0x045e0000] [id=7348]

VM state:not at safepoint (normal execution)

VM Mutex/Monitor currently owned by a thread: None

Heap
 def new generation   total 4928K, used 306K [0x237a0000, 0x23cf0000, 0x28cf0000)
  eden space 4416K,   6% used [0x237a0000, 0x237ec880, 0x23bf0000)
  from space 512K,   0% used [0x23bf0000, 0x23bf0000, 0x23c70000)
  to   space 512K,   0% used [0x23c70000, 0x23c70000, 0x23cf0000)
 tenured generation   total 10944K, used 0K [0x28cf0000, 0x297a0000, 0x337a0000)
   the space 10944K,   0% used [0x28cf0000, 0x28cf0000, 0x28cf0200, 0x297a0000)
 compacting perm gen  total 12288K, used 393K [0x337a0000, 0x343a0000, 0x377a0000)
   the space 12288K,   3% used [0x337a0000, 0x33802750, 0x33802800, 0x343a0000)
    ro space 10240K,  54% used [0x377a0000, 0x37d1ee00, 0x37d1ee00, 0x381a0000)
    rw space 12288K,  55% used [0x381a0000, 0x38842800, 0x38842800, 0x38da0000)

Code Cache  [0x02100000, 0x02170000, 0x04100000)
 total_blobs=130 nmethods=3 adapters=64 free_code_cache=33105920 largest_free_block=0

Dynamic libraries:
0x00400000 - 0x00425000 	C:\Java_Deve\Java\jdk1.6.0_31\bin\javaw.exe
0x77a40000 - 0x77bae000 	C:\WINDOWS\SYSTEM32\ntdll.dll
0x76aa0000 - 0x76be0000 	C:\WINDOWS\SYSTEM32\KERNEL32.DLL
0x75170000 - 0x75247000 	C:\WINDOWS\SYSTEM32\KERNELBASE.dll
0x6fb70000 - 0x6fc10000 	C:\WINDOWS\system32\apphelp.dll
0x5e3c0000 - 0x5e625000 	C:\WINDOWS\AppPatch\AcGenral.DLL
0x77890000 - 0x77953000 	C:\WINDOWS\SYSTEM32\msvcrt.dll
0x75110000 - 0x75151000 	C:\WINDOWS\SYSTEM32\sechost.dll
0x74e70000 - 0x74e8e000 	C:\WINDOWS\SYSTEM32\SspiCli.dll
0x77000000 - 0x77045000 	C:\WINDOWS\SYSTEM32\SHLWAPI.dll
0x71e40000 - 0x71f2d000 	C:\WINDOWS\SYSTEM32\UxTheme.dll
0x74ea0000 - 0x74ff3000 	C:\WINDOWS\SYSTEM32\USER32.dll
0x75000000 - 0x7510f000 	C:\WINDOWS\SYSTEM32\GDI32.dll
0x76d80000 - 0x76da3000 	C:\WINDOWS\SYSTEM32\WINMM.dll
0x747c0000 - 0x747d3000 	C:\WINDOWS\SYSTEM32\samcli.dll
0x75450000 - 0x75579000 	C:\WINDOWS\SYSTEM32\ole32.dll
0x753b0000 - 0x75445000 	C:\WINDOWS\SYSTEM32\OLEAUT32.dll
0x70d40000 - 0x70d57000 	C:\WINDOWS\SYSTEM32\MSACM32.dll
0x74de0000 - 0x74de8000 	C:\WINDOWS\SYSTEM32\VERSION.dll
0x756d0000 - 0x7698c000 	C:\WINDOWS\SYSTEM32\SHELL32.dll
0x74db0000 - 0x74dcb000 	C:\WINDOWS\SYSTEM32\USERENV.dll
0x71e20000 - 0x71e3a000 	C:\WINDOWS\SYSTEM32\dwmapi.dll
0x73770000 - 0x738bb000 	C:\WINDOWS\SYSTEM32\urlmon.dll
0x75330000 - 0x753ac000 	C:\WINDOWS\SYSTEM32\ADVAPI32.dll
0x72850000 - 0x728b5000 	C:\WINDOWS\SYSTEM32\WINSPOOL.DRV
0x71ff0000 - 0x72006000 	C:\WINDOWS\SYSTEM32\MPR.dll
0x769e0000 - 0x76a9a000 	C:\WINDOWS\SYSTEM32\RPCRT4.dll
0x74e60000 - 0x74e6a000 	C:\WINDOWS\SYSTEM32\CRYPTBASE.dll
0x76c00000 - 0x76d7d000 	C:\WINDOWS\SYSTEM32\combase.dll
0x77330000 - 0x77353000 	C:\WINDOWS\SYSTEM32\WINMMBASE.dll
0x74da0000 - 0x74daf000 	C:\WINDOWS\SYSTEM32\profapi.dll
0x73fd0000 - 0x74202000 	C:\WINDOWS\SYSTEM32\iertutil.dll
0x74210000 - 0x74403000 	C:\WINDOWS\SYSTEM32\WININET.dll
0x74e00000 - 0x74e54000 	C:\WINDOWS\SYSTEM32\bcryptPrimitives.dll
0x75250000 - 0x7528c000 	C:\WINDOWS\SYSTEM32\cfgmgr32.dll
0x77360000 - 0x77381000 	C:\WINDOWS\SYSTEM32\DEVOBJ.dll
0x74bb0000 - 0x74c3b000 	C:\WINDOWS\SYSTEM32\SHCORE.DLL
0x769b0000 - 0x769d7000 	C:\WINDOWS\system32\IMM32.DLL
0x76ee0000 - 0x76ff2000 	C:\WINDOWS\SYSTEM32\MSCTF.dll
0x7c340000 - 0x7c396000 	C:\Java_Deve\Java\jdk1.6.0_31\jre\bin\msvcr71.dll
0x6d8c0000 - 0x6db6f000 	C:\Java_Deve\Java\jdk1.6.0_31\jre\bin\client\jvm.dll
0x6d870000 - 0x6d87c000 	C:\Java_Deve\Java\jdk1.6.0_31\jre\bin\verify.dll
0x6d3d0000 - 0x6d3ef000 	C:\Java_Deve\Java\jdk1.6.0_31\jre\bin\java.dll
0x6d8b0000 - 0x6d8bf000 	C:\Java_Deve\Java\jdk1.6.0_31\jre\bin\zip.dll
0x10000000 - 0x10015000 	D:\Devel\Java Jars\msmq\MsmqJava.dll
0x5e390000 - 0x5e3ba000 	C:\WINDOWS\SYSTEM32\mqrt.dll
0x77140000 - 0x772c8000 	C:\WINDOWS\SYSTEM32\CRYPT32.dll
0x5e350000 - 0x5e382000 	C:\WINDOWS\SYSTEM32\mqsec.dll
0x74e90000 - 0x74e9e000 	C:\WINDOWS\SYSTEM32\MSASN1.dll
0x74c90000 - 0x74ca3000 	C:\WINDOWS\SYSTEM32\NETAPI32.dll
0x747e0000 - 0x747ea000 	C:\WINDOWS\SYSTEM32\Secur32.dll
0x75160000 - 0x75165000 	C:\WINDOWS\SYSTEM32\Normaliz.dll
0x74c80000 - 0x74c8a000 	C:\WINDOWS\SYSTEM32\netutils.dll
0x74c60000 - 0x74c7d000 	C:\WINDOWS\SYSTEM32\srvcli.dll
0x74c40000 - 0x74c51000 	C:\WINDOWS\SYSTEM32\wkscli.dll
0x72010000 - 0x7203f000 	C:\WINDOWS\SYSTEM32\LOGONCLI.DLL
0x6c1f0000 - 0x6c1f8000 	C:\WINDOWS\SYSTEM32\DSROLE.DLL
0x75660000 - 0x75666000 	C:\WINDOWS\system32\PSAPI.DLL

VM Arguments:
jvm_args: -Djava.library.path=D:\Devel\Java Jars\msmq -Dfile.encoding=GBK 
java_command: com.msmq.MsMqDemo
Launcher Type: SUN_STANDARD

Environment Variables:
JAVA_HOME=C:\Java_Deve\Java\jdk1.6.0_31
CLASSPATH=C:\Java_Deve\Java\jdk1.6.0_31lib;C:\Java_Deve\Java\jdk1.6.0_31lib\tools.jar;D:\Devel\AppServers\tomcat-7\BIN
PATH=C:\oraclexe\app\oracle\product\10.2.0\server\bin;C:\Program Files (x86)\Intel\iCLS Client\;C:\Program Files\Intel\iCLS Client\;C:\Program Files (x86)\NVIDIA Corporation\PhysX\Common;C:\WINDOWS\system32;C:\WINDOWS;C:\WINDOWS\System32\Wbem;C:\WINDOWS\System32\WindowsPowerShell\v1.0\;C:\Program Files (x86)\Intel\OpenCL SDK\2.0\bin\x86;C:\Program Files (x86)\Intel\OpenCL SDK\2.0\bin\x64;C:\Program Files\Intel\Intel(R) Management Engine Components\DAL;C:\Program Files\Intel\Intel(R) Management Engine Components\IPT;C:\Program Files (x86)\Intel\Intel(R) Management Engine Components\DAL;C:\Program Files (x86)\Intel\Intel(R) Management Engine Components\IPT;C:\Program Files (x86)\MySQL\MySQL Server 5.1\bin;C:\Program Files (x86)\Common Files\Thunder Network\KanKan\Codecs;C:\Program Files\TortoiseSVN\bin;C:\Java_Deve\Java\jdk1.6.0_31\bin;C:\Java_Deve\Java\jdk1.6.0_31\jre\bin;C:\Java_Deve\maven-3.0.5\bin;D:\Devel\AppServers\rabbitmq\rabbitmq_server-3.2.4\sbin;C:\Program Files (x86)\CVSNT\
USERNAME=long
OS=Windows_NT
PROCESSOR_IDENTIFIER=Intel64 Family 6 Model 58 Stepping 9, GenuineIntel



---------------  S Y S T E M  ---------------

OS: Windows NT 6.2 Build 9200 

CPU:total 4 (2 cores per cpu, 2 threads per core) family 6 model 58 stepping 9, cmov, cx8, fxsr, mmx, sse, sse2, sse3, ssse3, sse4.1, sse4.2, popcnt, ht

Memory: 4k page, physical 3984996k(1313860k free), swap 6475364k(1073600k free)

vm_info: Java HotSpot(TM) Client VM (20.6-b01) for windows-x86 JRE (1.6.0_31-b05), built on Feb  3 2012 18:44:09 by "java_re" with MS VC++ 7.1 (VS2003)

time: Thu Dec 17 19:08:11 2015
elapsed time: 0 seconds

