#
# A fatal error has been detected by the Java Runtime Environment:
#
#  EXCEPTION_ACCESS_VIOLATION (0xc0000005) at pc=0x77a8214f, pid=7080, tid=6904
#
# JRE version: 6.0_31-b05
# Java VM: Java HotSpot(TM) Client VM (20.6-b01 mixed mode windows-x86 )
# Problematic frame:
# C  [ntdll.dll+0x4214f]
#
# If you would like to submit a bug report, please visit:
#   http://java.sun.com/webapps/bugreport/crash.jsp
#

---------------  T H R E A D  ---------------

Current thread (0x180e1c00):  JavaThread "JDWP Command Reader" daemon [_thread_in_vm, id=6904, stack(0x18540000,0x18590000)]

siginfo: ExceptionCode=0xc0000005, reading address 0x80000120

Registers:
EAX=0x80000120, EBX=0x004f9148, ECX=0x10213835, EDX=0x004f9218
ESP=0x1858f5a0, EBP=0x1858f6a0, ESI=0x004f9210, EDI=0x004f0000
EIP=0x77a8214f, EFLAGS=0x00010246

Top of Stack: (sp=0x1858f5a0)
0x1858f5a0:   e4185e8b 004f9198 004f0000 004f91a0
0x1858f5b0:   29363131 fffffffb 2074276e 6f6c6c61
0x1858f5c0:   39f63210 6d766a20 02000002 726f6d65
0x1858f5d0:   2e5b2079 2e2e2f2e 6600096f 2f637273
0x1858f5e0:   72616873 77a47c2d 19000019 00000020
0x1858f5f0:   00000002 77b413b0 00000000 00000000
0x1858f600:   19000019 18590000 004f0000 00000000
0x1858f610:   00000080 00000011 00000000 004f9148 

Instructions: (pc=0x77a8214f)
0x77a8212f:   46 03 0f 85 e4 48 04 00 80 7d c0 00 0f 85 e9 48
0x77a8213f:   04 00 8d 56 08 8b 0a 89 4d 98 8b 46 0c 89 45 c4
0x77a8214f:   8b 00 8b 49 04 3b c1 0f 85 aa 48 04 00 3b c2 0f
0x77a8215f:   85 a2 48 04 00 0f b7 06 29 47 74 8b 8f b4 00 00 


Register to memory mapping:

EAX=0x80000120 is an unknown value
EBX=0x004f9148 is an unknown value
ECX=0x10213835 is an unallocated location in the heap
EDX=0x004f9218 is an unknown value
ESP=0x1858f5a0 is pointing into the stack for thread: 0x180e1c00
EBP=0x1858f6a0 is pointing into the stack for thread: 0x180e1c00
ESI=0x004f9210 is an unknown value
EDI=0x004f0000 is an unknown value


Stack: [0x18540000,0x18590000],  sp=0x1858f5a0,  free space=317k
Native frames: (J=compiled Java code, j=interpreted, Vv=VM code, C=native code)
C  [ntdll.dll+0x4214f]  RtlFreeHeap+0x43f
C  [ntdll.dll+0x41eca]  RtlFreeHeap+0x1ba
C  [msvcr71.dll+0x218a]  free+0x39
V  [jvm.dll+0x102c7d]
C  [jdwp.dll+0x9d98]  Agent_OnUnload+0x2f5
C  [jdwp.dll+0xa0a6]  Agent_OnUnload+0x603
C  [jdwp.dll+0x1a200]  Agent_OnLoad+0xf175
C  [dt_socket.dll+0x1074]
C  [dt_socket.dll+0x1a88]
C  [jdwp.dll+0x18171]  Agent_OnLoad+0xd0e6
V  [jvm.dll+0xd10b7]
V  [jvm.dll+0x140ffc]
C  [msvcr71.dll+0x9565]  endthreadex+0xa0
C  [KERNEL32.DLL+0x17c04]  BaseThreadInitThunk+0x24
C  [ntdll.dll+0x5ad5f]  RtlInitializeExceptionChain+0x8f
C  [ntdll.dll+0x5ad2a]  RtlInitializeExceptionChain+0x5a


---------------  P R O C E S S  ---------------

Java Threads: ( => current thread )
  0x180f4400 JavaThread "Low Memory Detector" daemon [_thread_blocked, id=7568, stack(0x18660000,0x186b0000)]
  0x180ec800 JavaThread "C1 CompilerThread0" daemon [_thread_blocked, id=7156, stack(0x185d0000,0x18620000)]
=>0x180e1c00 JavaThread "JDWP Command Reader" daemon [_thread_in_vm, id=6904, stack(0x18540000,0x18590000)]
  0x180de400 JavaThread "JDWP Event Helper Thread" daemon [_thread_blocked, id=5788, stack(0x184b0000,0x18500000)]
  0x180db400 JavaThread "JDWP Transport Listener: dt_socket" daemon [_thread_in_vm, id=7972, stack(0x18420000,0x18470000)]
  0x180bb000 JavaThread "Attach Listener" daemon [_thread_blocked, id=6316, stack(0x18390000,0x183e0000)]
  0x180b9000 JavaThread "Signal Dispatcher" daemon [_thread_blocked, id=4448, stack(0x18300000,0x18350000)]
  0x180abc00 JavaThread "Finalizer" daemon [_thread_blocked, id=192, stack(0x18270000,0x182c0000)]
  0x180aa800 JavaThread "Reference Handler" daemon [_thread_blocked, id=2644, stack(0x181e0000,0x18230000)]

Other Threads:
  0x180a7000 VMThread [stack: 0x18190000,0x181e0000] [id=5952]

VM state:synchronizing (normal execution)

VM Mutex/Monitor currently owned by a thread:  ([mutex/lock_event])
[0x004f7c78] Threads_lock - owner thread: 0x180a7000
[0x004f8690] Heap_lock - owner thread: 0x004f9800

Heap
 def new generation   total 4928K, used 481K [0x03f80000, 0x044d0000, 0x094d0000)
  eden space 4416K,  10% used [0x03f80000, 0x03ff87d8, 0x043d0000)
  from space 512K,   0% used [0x043d0000, 0x043d0000, 0x04450000)
  to   space 512K,   0% used [0x04450000, 0x04450000, 0x044d0000)
 tenured generation   total 10944K, used 0K [0x094d0000, 0x09f80000, 0x13f80000)
   the space 10944K,   0% used [0x094d0000, 0x094d0000, 0x094d0200, 0x09f80000)
 compacting perm gen  total 12288K, used 2340K [0x13f80000, 0x14b80000, 0x17f80000)
   the space 12288K,  19% used [0x13f80000, 0x141c90c8, 0x141c9200, 0x14b80000)
No shared spaces configured.

Code Cache  [0x01f80000, 0x01ff0000, 0x03f80000)
 total_blobs=123 nmethods=4 adapters=64 free_code_cache=33106880 largest_free_block=0

Dynamic libraries:
0x00400000 - 0x00425000 	C:\Java_Deve\Java\jdk1.6.0_31\bin\javaw.exe
0x77a40000 - 0x77bae000 	C:\WINDOWS\SYSTEM32\ntdll.dll
0x76aa0000 - 0x76be0000 	C:\WINDOWS\SYSTEM32\KERNEL32.DLL
0x75170000 - 0x75247000 	C:\WINDOWS\SYSTEM32\KERNELBASE.dll
0x6fb70000 - 0x6fc10000 	C:\WINDOWS\system32\apphelp.dll
0x61230000 - 0x61495000 	C:\WINDOWS\AppPatch\AcGenral.DLL
0x77890000 - 0x77953000 	C:\WINDOWS\SYSTEM32\msvcrt.dll
0x75110000 - 0x75151000 	C:\WINDOWS\SYSTEM32\sechost.dll
0x74e70000 - 0x74e8e000 	C:\WINDOWS\SYSTEM32\SspiCli.dll
0x77000000 - 0x77045000 	C:\WINDOWS\SYSTEM32\SHLWAPI.dll
0x71e40000 - 0x71f2d000 	C:\WINDOWS\SYSTEM32\UxTheme.dll
0x74ea0000 - 0x74ff3000 	C:\WINDOWS\SYSTEM32\USER32.dll
0x75000000 - 0x7510f000 	C:\WINDOWS\SYSTEM32\GDI32.dll
0x76d80000 - 0x76da3000 	C:\WINDOWS\SYSTEM32\WINMM.dll
0x747c0000 - 0x747d3000 	C:\WINDOWS\SYSTEM32\samcli.dll
0x75450000 - 0x75579000 	C:\WINDOWS\SYSTEM32\ole32.dll
0x753b0000 - 0x75445000 	C:\WINDOWS\SYSTEM32\OLEAUT32.dll
0x70d40000 - 0x70d57000 	C:\WINDOWS\SYSTEM32\MSACM32.dll
0x74de0000 - 0x74de8000 	C:\WINDOWS\SYSTEM32\VERSION.dll
0x756d0000 - 0x7698c000 	C:\WINDOWS\SYSTEM32\SHELL32.dll
0x74db0000 - 0x74dcb000 	C:\WINDOWS\SYSTEM32\USERENV.dll
0x71e20000 - 0x71e3a000 	C:\WINDOWS\SYSTEM32\dwmapi.dll
0x73770000 - 0x738bb000 	C:\WINDOWS\SYSTEM32\urlmon.dll
0x75330000 - 0x753ac000 	C:\WINDOWS\SYSTEM32\ADVAPI32.dll
0x72850000 - 0x728b5000 	C:\WINDOWS\SYSTEM32\WINSPOOL.DRV
0x71ff0000 - 0x72006000 	C:\WINDOWS\SYSTEM32\MPR.dll
0x769e0000 - 0x76a9a000 	C:\WINDOWS\SYSTEM32\RPCRT4.dll
0x74e60000 - 0x74e6a000 	C:\WINDOWS\SYSTEM32\CRYPTBASE.dll
0x76c00000 - 0x76d7d000 	C:\WINDOWS\SYSTEM32\combase.dll
0x77330000 - 0x77353000 	C:\WINDOWS\SYSTEM32\WINMMBASE.dll
0x74da0000 - 0x74daf000 	C:\WINDOWS\SYSTEM32\profapi.dll
0x73fd0000 - 0x74202000 	C:\WINDOWS\SYSTEM32\iertutil.dll
0x74210000 - 0x74403000 	C:\WINDOWS\SYSTEM32\WININET.dll
0x74e00000 - 0x74e54000 	C:\WINDOWS\SYSTEM32\bcryptPrimitives.dll
0x75250000 - 0x7528c000 	C:\WINDOWS\SYSTEM32\cfgmgr32.dll
0x77360000 - 0x77381000 	C:\WINDOWS\SYSTEM32\DEVOBJ.dll
0x74bb0000 - 0x74c3b000 	C:\WINDOWS\SYSTEM32\SHCORE.DLL
0x769b0000 - 0x769d7000 	C:\WINDOWS\system32\IMM32.DLL
0x76ee0000 - 0x76ff2000 	C:\WINDOWS\SYSTEM32\MSCTF.dll
0x7c340000 - 0x7c396000 	C:\Java_Deve\Java\jdk1.6.0_31\jre\bin\msvcr71.dll
0x6d8c0000 - 0x6db6f000 	C:\Java_Deve\Java\jdk1.6.0_31\jre\bin\client\jvm.dll
0x6d870000 - 0x6d87c000 	C:\Java_Deve\Java\jdk1.6.0_31\jre\bin\verify.dll
0x6d3d0000 - 0x6d3ef000 	C:\Java_Deve\Java\jdk1.6.0_31\jre\bin\java.dll
0x6d420000 - 0x6d449000 	C:\Java_Deve\Java\jdk1.6.0_31\jre\bin\jdwp.dll
0x6d740000 - 0x6d746000 	C:\Java_Deve\Java\jdk1.6.0_31\jre\bin\npt.dll
0x6d8b0000 - 0x6d8bf000 	C:\Java_Deve\Java\jdk1.6.0_31\jre\bin\zip.dll
0x6d2b0000 - 0x6d2b7000 	C:\Java_Deve\Java\jdk1.6.0_31\jre\bin\dt_socket.dll
0x752e0000 - 0x75330000 	C:\WINDOWS\SYSTEM32\WS2_32.dll
0x76e40000 - 0x76e47000 	C:\WINDOWS\SYSTEM32\NSI.dll
0x73c70000 - 0x73c81000 	C:\WINDOWS\system32\napinsp.dll
0x73c50000 - 0x73c66000 	C:\WINDOWS\system32\pnrpnsp.dll
0x73c30000 - 0x73c44000 	C:\WINDOWS\system32\NLAapi.dll
0x744c0000 - 0x7450b000 	C:\WINDOWS\System32\mswsock.dll
0x74740000 - 0x747be000 	C:\WINDOWS\SYSTEM32\DNSAPI.dll
0x73c20000 - 0x73c2a000 	C:\WINDOWS\System32\winrnr.dll
0x73c10000 - 0x73c20000 	C:\WINDOWS\system32\wshbth.dll
0x72ba0000 - 0x72be6000 	C:\WINDOWS\System32\fwpuclnt.dll
0x72bf0000 - 0x72bf8000 	C:\Windows\System32\rasadhlp.dll
0x00500000 - 0x00515000 	D:\Devel\Java Jars\msmq\MsmqJava.dll
0x61200000 - 0x6122a000 	C:\WINDOWS\SYSTEM32\mqrt.dll
0x77140000 - 0x772c8000 	C:\WINDOWS\SYSTEM32\CRYPT32.dll
0x611c0000 - 0x611f2000 	C:\WINDOWS\SYSTEM32\mqsec.dll
0x74e90000 - 0x74e9e000 	C:\WINDOWS\SYSTEM32\MSASN1.dll
0x74c90000 - 0x74ca3000 	C:\WINDOWS\SYSTEM32\NETAPI32.dll
0x747e0000 - 0x747ea000 	C:\WINDOWS\SYSTEM32\Secur32.dll
0x75160000 - 0x75165000 	C:\WINDOWS\SYSTEM32\Normaliz.dll
0x74c80000 - 0x74c8a000 	C:\WINDOWS\SYSTEM32\netutils.dll
0x74c60000 - 0x74c7d000 	C:\WINDOWS\SYSTEM32\srvcli.dll
0x74c40000 - 0x74c51000 	C:\WINDOWS\SYSTEM32\wkscli.dll
0x72010000 - 0x7203f000 	C:\WINDOWS\SYSTEM32\LOGONCLI.DLL
0x70310000 - 0x70318000 	C:\WINDOWS\SYSTEM32\DSROLE.DLL
0x748d0000 - 0x748d9000 	C:\WINDOWS\SYSTEM32\kernel.appcore.dll
0x73fb0000 - 0x73fc4000 	C:\WINDOWS\SYSTEM32\SAMLIB.dll
0x75660000 - 0x75666000 	C:\WINDOWS\system32\PSAPI.DLL

VM Arguments:
jvm_args: -agentlib:jdwp=transport=dt_socket,suspend=y,address=localhost:9167 -Djava.library.path=D:\Devel\Java Jars\msmq -Dfile.encoding=GBK 
java_command: com.msmq.MsMqDemo
Launcher Type: SUN_STANDARD

Environment Variables:
JAVA_HOME=C:\Java_Deve\Java\jdk1.6.0_31
CLASSPATH=C:\Java_Deve\Java\jdk1.6.0_31lib;C:\Java_Deve\Java\jdk1.6.0_31lib\tools.jar;D:\Devel\AppServers\tomcat-7\BIN
PATH=C:\oraclexe\app\oracle\product\10.2.0\server\bin;C:\Program Files (x86)\Intel\iCLS Client\;C:\Program Files\Intel\iCLS Client\;C:\Program Files (x86)\NVIDIA Corporation\PhysX\Common;C:\WINDOWS\system32;C:\WINDOWS;C:\WINDOWS\System32\Wbem;C:\WINDOWS\System32\WindowsPowerShell\v1.0\;C:\Program Files (x86)\Intel\OpenCL SDK\2.0\bin\x86;C:\Program Files (x86)\Intel\OpenCL SDK\2.0\bin\x64;C:\Program Files\Intel\Intel(R) Management Engine Components\DAL;C:\Program Files\Intel\Intel(R) Management Engine Components\IPT;C:\Program Files (x86)\Intel\Intel(R) Management Engine Components\DAL;C:\Program Files (x86)\Intel\Intel(R) Management Engine Components\IPT;C:\Program Files (x86)\MySQL\MySQL Server 5.1\bin;C:\Program Files (x86)\Common Files\Thunder Network\KanKan\Codecs;C:\Program Files\TortoiseSVN\bin;C:\Java_Deve\Java\jdk1.6.0_31\bin;C:\Java_Deve\Java\jdk1.6.0_31\jre\bin;C:\Java_Deve\maven-3.0.5\bin;D:\Devel\AppServers\rabbitmq\rabbitmq_server-3.2.4\sbin;C:\Program Files (x86)\CVSNT\
USERNAME=long
OS=Windows_NT
PROCESSOR_IDENTIFIER=Intel64 Family 6 Model 58 Stepping 9, GenuineIntel



---------------  S Y S T E M  ---------------

OS: Windows NT 6.2 Build 9200 

CPU:total 4 (2 cores per cpu, 2 threads per core) family 6 model 58 stepping 9, cmov, cx8, fxsr, mmx, sse, sse2, sse3, ssse3, sse4.1, sse4.2, popcnt, ht

Memory: 4k page, physical 3984996k(1689616k free), swap 6475364k(1817584k free)

vm_info: Java HotSpot(TM) Client VM (20.6-b01) for windows-x86 JRE (1.6.0_31-b05), built on Feb  3 2012 18:44:09 by "java_re" with MS VC++ 7.1 (VS2003)

time: Thu Dec 17 11:05:15 2015
elapsed time: 0 seconds

